<?xml version="1.0" encoding="UTF-8"?>
<!-- Generated by org.testng.reporters.JUnitXMLReporter -->
<testsuite hostname="del1-lhp-N61396" ignored="0" name="Validating Title" tests="1" failures="1" timestamp="11 Mar 2021 07:43:40 GMT" time="13.708" errors="0">
  <testcase name="ShowTitle" time="0.152" classname="WebUiAutomation.ValidateTitle">
    <failure type="java.lang.AssertionError" message="expected [FEATURED COURSES123] but found [FEATURED COURSES]">
      <![CDATA[java.lang.AssertionError: expected [FEATURED COURSES123] but found [FEATURED COURSES]
at WebUiAutomation.ValidateTitle.ShowTitle(ValidateTitle.java:33)
at java.util.concurrent.FutureTask.run(Unknown Source)
at java.util.concurrent.ThreadPoolExecutor.runWorker(Unknown Source)
at java.util.concurrent.ThreadPoolExecutor$Worker.run(Unknown Source)
at java.lang.Thread.run(Unknown Source)
... Removed 22 stack frames]]>
    </failure>
  </testcase> <!-- ShowTitle -->
</testsuite> <!-- Validating Title -->
