<?xml version="1.0" encoding="UTF-8"?>
<!-- Generated by org.testng.reporters.JUnitXMLReporter -->
<testsuite hostname="del1-lhp-N61396" ignored="0" name="Test" tests="3" failures="0" timestamp="18 Jan 2021 20:16:16 GMT" time="21.328" errors="0">
  <testcase name="ShowTitle" time="0.094" classname="WebUiAutomation.ValidateTitle"/>
  <testcase name="basePageNavigation" time="5.143" classname="WebUiAutomation.HomePage"/>
  <testcase name="basePageNavigation" time="2.749" classname="WebUiAutomation.HomePage"/>
</testsuite> <!-- Test -->
